22-10-04 16:45:45 [INFO] Create logger.(root) (utils.py:40)
22-10-04 16:45:45 [INFO] Enabled stream and file mode.(stream-cmp.log) (utils.py:41)
22-10-04 16:45:45 [WARNING] Detect source type is : V4L2 (source.py:36)
22-10-04 16:45:46 [INFO] Init Source Object ... Finished !  (source.py:59)
22-10-04 16:45:46 [INFO] Start Stream ...  (source.py:113)
22-10-04 16:45:46 [INFO] Start Stream ... Done  (source.py:115)
22-10-04 16:45:46 [INFO] Init Camera Stream ... PASS (app.py:72)
22-10-04 16:45:46 [INFO] Waiting for first frame ... (def_gst_rtsp.py:55)
22-10-04 16:45:46 [INFO] Captured the first frame (def_gst_rtsp.py:59)
22-10-04 16:45:46 [INFO] Init GstServer ... PASS (app.py:76)
22-10-04 16:45:46 [WARNING] Start GstLoop (def_gst_rtsp.py:91)
22-10-04 16:45:46 [INFO] Start GstLoop ... PASS (app.py:83)
22-10-04 16:45:50 [INFO] Started Socket Stream ! ( Space:/stream, Event:images ) (app.py:128)
22-10-04 16:49:58 [INFO] Create logger.(root) (utils.py:40)
22-10-04 16:49:58 [INFO] Enabled stream and file mode.(stream-cmp.log) (utils.py:41)
22-10-04 16:49:58 [WARNING] Detect source type is : V4L2 (source.py:36)
22-10-04 16:49:59 [INFO] Init Source Object ... Finished !  (source.py:59)
22-10-04 16:49:59 [INFO] Start Stream ...  (source.py:113)
22-10-04 16:49:59 [INFO] Start Stream ... Done  (source.py:115)
22-10-04 16:49:59 [INFO] Init Camera Stream ... PASS (app.py:72)
22-10-04 16:49:59 [INFO] Waiting for first frame ... (def_gst_rtsp.py:55)
22-10-04 16:49:59 [INFO] Captured the first frame (def_gst_rtsp.py:59)
22-10-04 16:49:59 [INFO] Init GstServer ... PASS (app.py:76)
22-10-04 16:49:59 [WARNING] Start GstLoop (def_gst_rtsp.py:91)
22-10-04 16:49:59 [INFO] Start GstLoop ... PASS (app.py:83)
22-10-04 16:50:13 [INFO] Create logger.(root) (utils.py:40)
22-10-04 16:50:13 [INFO] Enabled stream and file mode.(stream-cmp.log) (utils.py:41)
22-10-04 16:50:13 [WARNING] Detect source type is : V4L2 (source.py:36)
22-10-04 16:50:14 [INFO] Init Source Object ... Finished !  (source.py:59)
22-10-04 16:50:14 [INFO] Start Stream ...  (source.py:113)
22-10-04 16:50:14 [INFO] Start Stream ... Done  (source.py:115)
22-10-04 16:50:14 [INFO] Init Camera Stream ... PASS (app.py:72)
22-10-04 16:50:14 [INFO] Waiting for first frame ... (def_gst_rtsp.py:55)
22-10-04 16:50:14 [INFO] Captured the first frame (def_gst_rtsp.py:59)
22-10-04 16:50:14 [INFO] Init GstServer ... PASS (app.py:76)
22-10-04 16:50:14 [WARNING] Start GstLoop (def_gst_rtsp.py:91)
22-10-04 16:50:14 [INFO] Start GstLoop ... PASS (app.py:83)
22-10-04 16:50:16 [INFO] Started Socket Stream ! ( Space:/stream, Event:images ) (app.py:128)
22-10-04 16:51:34 [INFO] Stop streaming (app.py:180)
22-10-04 16:51:34 [INFO] Stop Socket Stream (app.py:139)
22-10-04 16:51:34 [INFO] Started Socket Stream ! ( Space:/stream, Event:images ) (app.py:128)
22-10-04 16:51:38 [INFO] Stop streaming (app.py:180)
22-10-04 16:51:38 [INFO] Stop Socket Stream (app.py:139)
22-10-04 16:51:44 [INFO] Create logger.(root) (utils.py:40)
22-10-04 16:51:44 [INFO] Enabled stream and file mode.(stream-cmp.log) (utils.py:41)
22-10-04 16:51:44 [WARNING] Detect source type is : V4L2 (source.py:36)
22-10-04 16:51:44 [INFO] Init Source Object ... Finished !  (source.py:59)
22-10-04 16:51:44 [INFO] Start Stream ...  (source.py:113)
22-10-04 16:51:44 [INFO] Start Stream ... Done  (source.py:115)
22-10-04 16:51:44 [INFO] Init Camera Stream ... PASS (app.py:72)
22-10-04 16:51:44 [INFO] Waiting for first frame ... (def_gst_rtsp.py:55)
22-10-04 16:51:44 [INFO] Captured the first frame (def_gst_rtsp.py:59)
22-10-04 16:51:44 [INFO] Init GstServer ... PASS (app.py:76)
22-10-04 16:51:44 [WARNING] Start GstLoop (def_gst_rtsp.py:91)
22-10-04 16:51:44 [INFO] Start GstLoop ... PASS (app.py:83)
22-10-04 16:52:00 [INFO] Create logger.(root) (utils.py:40)
22-10-04 16:52:00 [INFO] Enabled stream and file mode.(stream-cmp.log) (utils.py:41)
22-10-04 16:52:00 [WARNING] Detect source type is : V4L2 (source.py:36)
22-10-04 16:52:01 [INFO] Init Source Object ... Finished !  (source.py:59)
22-10-04 16:52:01 [INFO] Start Stream ...  (source.py:113)
22-10-04 16:52:01 [INFO] Start Stream ... Done  (source.py:115)
22-10-04 16:52:01 [INFO] Init Camera Stream ... PASS (app.py:72)
22-10-04 16:52:01 [INFO] Waiting for first frame ... (def_gst_rtsp.py:55)
22-10-04 16:52:01 [INFO] Captured the first frame (def_gst_rtsp.py:59)
22-10-04 16:52:01 [INFO] Init GstServer ... PASS (app.py:76)
22-10-04 16:52:01 [WARNING] Start GstLoop (def_gst_rtsp.py:91)
22-10-04 16:52:01 [INFO] Start GstLoop ... PASS (app.py:83)
22-10-04 16:52:44 [INFO] Create logger.(root) (utils.py:40)
22-10-04 16:52:44 [INFO] Enabled stream and file mode.(stream-cmp.log) (utils.py:41)
22-10-04 16:52:44 [WARNING] Detect source type is : V4L2 (source.py:36)
22-10-04 16:52:45 [INFO] Init Source Object ... Finished !  (source.py:59)
22-10-04 16:52:45 [INFO] Start Stream ...  (source.py:113)
22-10-04 16:52:45 [INFO] Start Stream ... Done  (source.py:115)
22-10-04 16:52:45 [INFO] Init Camera Stream ... PASS (app.py:72)
22-10-04 16:52:45 [INFO] Waiting for first frame ... (def_gst_rtsp.py:55)
22-10-04 16:52:45 [INFO] Captured the first frame (def_gst_rtsp.py:59)
22-10-04 16:52:45 [INFO] Init GstServer ... PASS (app.py:76)
22-10-04 16:52:45 [WARNING] Start GstLoop (def_gst_rtsp.py:91)
22-10-04 16:52:45 [INFO] Start GstLoop ... PASS (app.py:83)
22-10-04 16:53:04 [INFO] Create logger.(root) (utils.py:40)
22-10-04 16:53:04 [INFO] Enabled stream and file mode.(stream-cmp.log) (utils.py:41)
22-10-04 16:53:04 [WARNING] Detect source type is : V4L2 (source.py:36)
22-10-04 16:53:05 [INFO] Init Source Object ... Finished !  (source.py:59)
22-10-04 16:53:05 [INFO] Start Stream ...  (source.py:113)
22-10-04 16:53:05 [INFO] Start Stream ... Done  (source.py:115)
22-10-04 16:53:05 [INFO] Init Camera Stream ... PASS (app.py:72)
22-10-04 16:53:05 [INFO] Waiting for first frame ... (def_gst_rtsp.py:55)
22-10-04 16:53:05 [INFO] Captured the first frame (def_gst_rtsp.py:59)
22-10-04 16:53:05 [INFO] Init GstServer ... PASS (app.py:76)
22-10-04 16:53:05 [WARNING] Start GstLoop (def_gst_rtsp.py:91)
22-10-04 16:53:05 [INFO] Start GstLoop ... PASS (app.py:83)
22-10-04 16:54:18 [INFO] Create logger.(root) (utils.py:40)
22-10-04 16:54:18 [INFO] Enabled stream and file mode.(stream-cmp.log) (utils.py:41)
22-10-04 16:54:18 [WARNING] Detect source type is : V4L2 (source.py:36)
22-10-04 16:54:19 [INFO] Init Source Object ... Finished !  (source.py:59)
22-10-04 16:54:19 [INFO] Start Stream ...  (source.py:113)
22-10-04 16:54:19 [INFO] Start Stream ... Done  (source.py:115)
22-10-04 16:54:19 [INFO] Init Camera Stream ... PASS (app.py:72)
22-10-04 16:54:19 [INFO] Waiting for first frame ... (def_gst_rtsp.py:55)
22-10-04 16:54:19 [INFO] Captured the first frame (def_gst_rtsp.py:59)
22-10-04 16:54:19 [INFO] Init GstServer ... PASS (app.py:76)
22-10-04 16:54:19 [WARNING] Start GstLoop (def_gst_rtsp.py:91)
22-10-04 16:54:19 [INFO] Start GstLoop ... PASS (app.py:83)
22-10-04 16:55:20 [INFO] Create logger.(root) (utils.py:40)
22-10-04 16:55:20 [INFO] Enabled stream and file mode.(stream-cmp.log) (utils.py:41)
22-10-04 16:55:20 [WARNING] Detect source type is : V4L2 (source.py:36)
22-10-04 16:55:21 [INFO] Init Source Object ... Finished !  (source.py:59)
22-10-04 16:55:21 [INFO] Start Stream ...  (source.py:113)
22-10-04 16:55:21 [INFO] Start Stream ... Done  (source.py:115)
22-10-04 16:55:21 [INFO] Init Camera Stream ... PASS (app.py:72)
22-10-04 16:55:21 [INFO] Waiting for first frame ... (def_gst_rtsp.py:55)
22-10-04 16:55:21 [INFO] Captured the first frame (def_gst_rtsp.py:59)
22-10-04 16:55:21 [INFO] Init GstServer ... PASS (app.py:76)
22-10-04 16:55:21 [WARNING] Start GstLoop (def_gst_rtsp.py:91)
22-10-04 16:55:21 [INFO] Start GstLoop ... PASS (app.py:83)
22-10-04 16:57:01 [INFO] Create logger.(root) (utils.py:40)
22-10-04 16:57:01 [INFO] Enabled stream and file mode.(stream-cmp.log) (utils.py:41)
22-10-04 16:57:01 [WARNING] Detect source type is : V4L2 (source.py:36)
22-10-04 16:57:01 [INFO] Init Source Object ... Finished !  (source.py:59)
22-10-04 16:57:01 [INFO] Start Stream ...  (source.py:113)
22-10-04 16:57:01 [INFO] Start Stream ... Done  (source.py:115)
22-10-04 16:57:01 [INFO] Init Camera Stream ... PASS (app.py:72)
22-10-04 16:57:01 [INFO] Waiting for first frame ... (def_gst_rtsp.py:55)
22-10-04 16:57:01 [INFO] Captured the first frame (def_gst_rtsp.py:59)
22-10-04 16:57:01 [INFO] Init GstServer ... PASS (app.py:76)
22-10-04 16:57:01 [WARNING] Start GstLoop (def_gst_rtsp.py:91)
22-10-04 16:57:01 [INFO] Start GstLoop ... PASS (app.py:83)
22-10-04 16:57:02 [INFO] Started Socket Stream ! ( Space:/stream, Event:images ) (app.py:128)
22-10-04 16:57:13 [INFO] Create logger.(root) (utils.py:40)
22-10-04 16:57:13 [INFO] Enabled stream and file mode.(stream-cmp.log) (utils.py:41)
22-10-04 16:57:13 [WARNING] Detect source type is : V4L2 (source.py:36)
22-10-04 16:57:13 [INFO] Init Source Object ... Finished !  (source.py:59)
22-10-04 16:57:13 [INFO] Start Stream ...  (source.py:113)
22-10-04 16:57:13 [INFO] Start Stream ... Done  (source.py:115)
22-10-04 16:57:13 [INFO] Init Camera Stream ... PASS (app.py:72)
22-10-04 16:57:13 [INFO] Waiting for first frame ... (def_gst_rtsp.py:55)
22-10-04 16:57:13 [INFO] Captured the first frame (def_gst_rtsp.py:59)
22-10-04 16:57:13 [INFO] Init GstServer ... PASS (app.py:76)
22-10-04 16:57:13 [WARNING] Start GstLoop (def_gst_rtsp.py:91)
22-10-04 16:57:13 [INFO] Start GstLoop ... PASS (app.py:83)
22-10-04 16:57:15 [INFO] Started Socket Stream ! ( Space:/stream, Event:images ) (app.py:128)
22-10-04 16:58:50 [INFO] Started Socket Stream ! ( Space:/stream, Event:images ) (app.py:128)
22-10-04 16:58:54 [INFO] Stop streaming (app.py:180)
22-10-04 16:58:54 [INFO] Stop Socket Stream (app.py:139)
22-10-04 17:23:52 [INFO] Create logger.(root) (utils.py:40)
22-10-04 17:23:52 [INFO] Enabled stream and file mode.(stream-cmp.log) (utils.py:41)
22-10-04 17:23:52 [WARNING] Detect source type is : V4L2 (source.py:36)
22-10-04 17:23:53 [INFO] Init Source Object ... Finished !  (source.py:59)
22-10-04 17:23:53 [INFO] Start Stream ...  (source.py:113)
22-10-04 17:23:53 [INFO] Start Stream ... Done  (source.py:115)
22-10-04 17:23:53 [INFO] Init Camera Stream ... PASS (app.py:72)
22-10-04 17:23:53 [INFO] Waiting for first frame ... (def_gst_rtsp.py:55)
22-10-04 17:23:53 [INFO] Captured the first frame (def_gst_rtsp.py:59)
22-10-04 17:23:53 [INFO] Init GstServer ... PASS (app.py:76)
22-10-04 17:23:53 [WARNING] Start GstLoop (def_gst_rtsp.py:91)
22-10-04 17:23:53 [INFO] Start GstLoop ... PASS (app.py:83)
22-10-04 17:23:57 [INFO] Started Socket Stream ! ( Space:/stream, Event:images ) (app.py:128)
22-10-04 17:37:24 [INFO] Create logger.(root) (utils.py:40)
22-10-04 17:37:24 [INFO] Enabled stream and file mode.(stream-cmp.log) (utils.py:41)
22-10-04 17:37:24 [WARNING] Detect source type is : V4L2 (source.py:36)
22-10-04 17:37:24 [INFO] Init Source Object ... Finished !  (source.py:59)
22-10-04 17:37:24 [INFO] Start Stream ...  (source.py:113)
22-10-04 17:37:24 [INFO] Start Stream ... Done  (source.py:115)
22-10-04 17:37:24 [INFO] Init Camera Stream ... PASS (app.py:72)
22-10-04 17:37:24 [INFO] Waiting for first frame ... (def_gst_rtsp.py:55)
22-10-04 17:37:24 [INFO] Captured the first frame (def_gst_rtsp.py:59)
22-10-04 17:37:24 [INFO] Init GstServer ... PASS (app.py:76)
22-10-04 17:37:24 [WARNING] Start GstLoop (def_gst_rtsp.py:91)
22-10-04 17:37:24 [INFO] Start GstLoop ... PASS (app.py:83)
22-10-04 17:37:30 [INFO] Started Socket Stream ! ( Space:/stream, Event:images ) (app.py:128)
22-10-04 17:41:31 [INFO] Create logger.(root) (utils.py:40)
22-10-04 17:41:31 [INFO] Enabled stream and file mode.(stream-cmp.log) (utils.py:41)
22-10-04 17:41:31 [WARNING] Detect source type is : V4L2 (source.py:36)
22-10-04 17:41:32 [INFO] Init Source Object ... Finished !  (source.py:59)
22-10-04 17:41:32 [INFO] Start Stream ...  (source.py:113)
22-10-04 17:41:32 [INFO] Start Stream ... Done  (source.py:115)
22-10-04 17:41:32 [INFO] Init Camera Stream ... PASS (app.py:72)
22-10-04 17:41:32 [INFO] Waiting for first frame ... (def_gst_rtsp.py:55)
22-10-04 17:41:32 [INFO] Captured the first frame (def_gst_rtsp.py:59)
22-10-04 17:41:32 [INFO] Init GstServer ... PASS (app.py:76)
22-10-04 17:41:32 [WARNING] Start GstLoop (def_gst_rtsp.py:91)
22-10-04 17:41:32 [INFO] Start GstLoop ... PASS (app.py:83)
22-10-04 17:43:01 [INFO] Create logger.(root) (utils.py:40)
22-10-04 17:43:01 [INFO] Enabled stream and file mode.(stream-cmp.log) (utils.py:41)
22-10-04 17:43:01 [WARNING] Detect source type is : V4L2 (source.py:36)
22-10-04 17:43:02 [INFO] Init Source Object ... Finished !  (source.py:59)
22-10-04 17:43:02 [INFO] Start Stream ...  (source.py:113)
22-10-04 17:43:02 [INFO] Start Stream ... Done  (source.py:115)
22-10-04 17:43:02 [INFO] Init Camera Stream ... PASS (app.py:72)
22-10-04 17:43:02 [INFO] Waiting for first frame ... (def_gst_rtsp.py:55)
22-10-04 17:43:02 [INFO] Captured the first frame (def_gst_rtsp.py:59)
22-10-04 17:43:02 [INFO] Init GstServer ... PASS (app.py:76)
22-10-04 17:43:02 [WARNING] Start GstLoop (def_gst_rtsp.py:91)
22-10-04 17:43:02 [INFO] Start GstLoop ... PASS (app.py:83)
22-10-04 17:50:11 [INFO] Create logger.(root) (utils.py:40)
22-10-04 17:50:11 [INFO] Enabled stream and file mode.(stream-cmp.log) (utils.py:41)
22-10-04 17:50:11 [WARNING] Detect source type is : V4L2 (source.py:36)
22-10-04 17:50:12 [INFO] Init Source Object ... Finished !  (source.py:59)
22-10-04 17:50:12 [INFO] Start Stream ...  (source.py:113)
22-10-04 17:50:12 [INFO] Start Stream ... Done  (source.py:115)
22-10-04 17:50:12 [INFO] Init Camera Stream ... PASS (app.py:72)
22-10-04 17:50:12 [INFO] Waiting for first frame ... (def_gst_rtsp.py:55)
22-10-04 17:50:12 [INFO] Captured the first frame (def_gst_rtsp.py:59)
22-10-04 17:50:12 [INFO] Init GstServer ... PASS (app.py:76)
22-10-04 17:50:12 [WARNING] Start GstLoop (def_gst_rtsp.py:91)
22-10-04 17:50:12 [INFO] Start GstLoop ... PASS (app.py:83)
22-10-04 17:51:29 [INFO] Create logger.(root) (utils.py:40)
22-10-04 17:51:29 [INFO] Enabled stream and file mode.(stream-cmp.log) (utils.py:41)
22-10-04 17:51:29 [WARNING] Detect source type is : V4L2 (source.py:36)
22-10-04 17:51:30 [INFO] Init Source Object ... Finished !  (source.py:59)
22-10-04 17:51:30 [INFO] Start Stream ...  (source.py:113)
22-10-04 17:51:30 [INFO] Start Stream ... Done  (source.py:115)
22-10-04 17:51:30 [INFO] Init Camera Stream ... PASS (app.py:72)
22-10-04 17:51:30 [INFO] Waiting for first frame ... (def_gst_rtsp.py:55)
22-10-04 17:51:30 [INFO] Captured the first frame (def_gst_rtsp.py:59)
22-10-04 17:51:30 [INFO] Init GstServer ... PASS (app.py:76)
22-10-04 17:51:30 [WARNING] Start GstLoop (def_gst_rtsp.py:91)
22-10-04 17:51:30 [INFO] Start GstLoop ... PASS (app.py:83)
22-10-04 17:53:04 [INFO] Started Socket Stream ! ( Space:/stream, Event:images ) (app.py:128)
22-10-04 17:53:19 [INFO] Create logger.(root) (utils.py:40)
22-10-04 17:53:19 [INFO] Enabled stream and file mode.(stream-cmp.log) (utils.py:41)
22-10-04 17:53:19 [WARNING] Detect source type is : V4L2 (source.py:36)
22-10-04 17:53:20 [INFO] Init Source Object ... Finished !  (source.py:59)
22-10-04 17:53:20 [INFO] Start Stream ...  (source.py:113)
22-10-04 17:53:20 [INFO] Start Stream ... Done  (source.py:115)
22-10-04 17:53:20 [INFO] Init Camera Stream ... PASS (app.py:72)
22-10-04 17:53:20 [INFO] Waiting for first frame ... (def_gst_rtsp.py:55)
22-10-04 17:53:20 [INFO] Captured the first frame (def_gst_rtsp.py:59)
22-10-04 17:53:20 [INFO] Init GstServer ... PASS (app.py:76)
22-10-04 17:53:20 [WARNING] Start GstLoop (def_gst_rtsp.py:91)
22-10-04 17:53:20 [INFO] Start GstLoop ... PASS (app.py:83)
22-10-04 17:54:36 [INFO] Started Socket Stream ! ( Space:/stream, Event:images ) (app.py:128)
22-10-04 17:54:55 [INFO] Stop streaming (app.py:180)
22-10-04 17:54:55 [INFO] Stop Socket Stream (app.py:139)
22-10-04 17:58:21 [INFO] Started Socket Stream ! ( Space:/stream, Event:images ) (app.py:128)
22-10-04 17:58:38 [INFO] Stop streaming (app.py:180)
22-10-04 17:58:38 [INFO] Stop Socket Stream (app.py:139)
22-10-04 18:00:02 [INFO] Started Socket Stream ! ( Space:/stream, Event:images ) (app.py:128)
22-10-04 18:00:16 [INFO] Stop streaming (app.py:180)
22-10-04 18:00:16 [INFO] Stop Socket Stream (app.py:139)
22-10-04 18:00:20 [ERROR] Exception on /stream [GET] (app.py:1457)
Traceback (most recent call last):
  File "/usr/local/lib/python3.8/dist-packages/flask/app.py", line 2073, in wsgi_app
    response = self.full_dispatch_request()
  File "/usr/local/lib/python3.8/dist-packages/flask/app.py", line 1518, in full_dispatch_request
    rv = self.handle_user_exception(e)
  File "/usr/local/lib/python3.8/dist-packages/flask_cors/extension.py", line 165, in wrapped_function
    return cors_after_request(app.make_response(f(*args, **kwargs)))
  File "/usr/local/lib/python3.8/dist-packages/flask/app.py", line 1516, in full_dispatch_request
    rv = self.dispatch_request()
  File "/usr/local/lib/python3.8/dist-packages/flask/app.py", line 1502, in dispatch_request
    return self.ensure_sync(self.view_functions[rule.endpoint])(**req.view_args)
  File "/usr/local/lib/python3.8/dist-packages/flask_sock/__init__.py", line 59, in websocket_route
    f(ws, *args, **kwargs)
  File "/workspace/app.py", line 105, in stream
    sock.send(resp)
  File "/usr/local/lib/python3.8/dist-packages/simple_websocket/ws.py", line 97, in send
    self.sock.send(out_data)
BrokenPipeError: [Errno 32] Broken pipe
